<?xml version="1.0" encoding="UTF-8" standalone="no"?>
<!DOCTYPE log SYSTEM "logger.dtd">
<log>
<record>
  <date>2023-07-17T10:48:18.084670800Z</date>
  <millis>1689590898084</millis>
  <nanos>670800</nanos>
  <sequence>0</sequence>
  <logger>com.block5Logging.block5Logging.Block5LoggingApplication</logger>
  <level>SEVERE</level>
  <class>com.block5Logging.block5Logging.Block5LoggingApplication</class>
  <method>main</method>
  <thread>1</thread>
  <message>Este es un mensaje de Error</message>
</record>
<record>
  <date>2023-07-17T10:48:18.125628500Z</date>
  <millis>1689590898125</millis>
  <nanos>628500</nanos>
  <sequence>3</sequence>
  <logger>com.block5Logging.block5Logging.Block5LoggingApplication</logger>
  <level>SEVERE</level>
  <class>com.block5Logging.block5Logging.Block5LoggingApplication</class>
  <method>main</method>
  <thread>1</thread>
  <message>Este es un mensaje de Error</message>
</record>
</log>
