#
# A fatal error has been detected by the Java Runtime Environment:
#
#  EXCEPTION_ACCESS_VIOLATION (0xc0000005) at pc=0x00007ff8e7242e87, pid=10996, tid=12452
#
# JRE version: Java(TM) SE Runtime Environment (17.0.7+8) (build 17.0.7+8-LTS-224)
# Java VM: Java HotSpot(TM) 64-Bit Server VM (17.0.7+8-LTS-224, mixed mode, sharing, tiered, compressed oops, compressed class ptrs, g1 gc, windows-amd64)
# Problematic frame:
# V  [jvm.dll+0x212e87]
#
# No core dump will be written. Minidumps are not enabled by default on client versions of Windows
#
# If you would like to submit a bug report, please visit:
#   https://bugreport.java.com/bugreport/crash.jsp
#

---------------  S U M M A R Y ------------

Command Line: -javaagent:C:\Program Files\JetBrains\IntelliJ IDEA Community Edition 2023.1.3\lib\idea_rt.jar=51386:C:\Program Files\JetBrains\IntelliJ IDEA Community Edition 2023.1.3\bin -Dfile.encoding=UTF-8 com.block7crudvalidation.block7crudvalidation.Block7CrudValidationApplication

Host: Intel(R) Core(TM) i5-1035G1 CPU @ 1.00GHz, 8 cores, 19G,  Windows 10 , 64 bit Build 19041 (10.0.19041.3155)
Time: Sun Jul 23 16:57:41 2023 Hora de verano romance elapsed time: 126.392730 seconds (0d 0h 2m 6s)

---------------  T H R E A D  ---------------

Current thread (0x000002b9cd6d8850):  JavaThread "Catalina-utility-2" [_thread_in_vm, id=12452, stack(0x000000e7d6c00000,0x000000e7d6d00000)]

Stack: [0x000000e7d6c00000,0x000000e7d6d00000],  sp=0x000000e7d6cfef30,  free space=1019k
Native frames: (J=compiled Java code, j=interpreted, Vv=VM code, C=native code)
V  [jvm.dll+0x212e87]
V  [jvm.dll+0x2134b6]
V  [jvm.dll+0x213d1c]
V  [jvm.dll+0x37e32e]
V  [jvm.dll+0x37e11d]
C  0x000002b9b513c879

Java frames: (J=compiled Java code, j=interpreted, Vv=VM code)
j  java.util.concurrent.locks.AbstractQueuedSynchronizer$Node.setStatusRelaxed(I)V+0 java.base@17.0.7
J 5688 c1 java.util.concurrent.locks.AbstractQueuedSynchronizer$ConditionObject.enableWait(Ljava/util/concurrent/locks/AbstractQueuedSynchronizer$ConditionNode;)I java.base@17.0.7 (84 bytes) @ 0x000002b9add317e4 [0x000002b9add31620+0x00000000000001c4]
j  java.util.concurrent.locks.AbstractQueuedSynchronizer$ConditionObject.await()V+24 java.base@17.0.7
j  java.util.concurrent.ScheduledThreadPoolExecutor$DelayedWorkQueue.take()Ljava/util/concurrent/RunnableScheduledFuture;+100 java.base@17.0.7
j  java.util.concurrent.ScheduledThreadPoolExecutor$DelayedWorkQueue.take()Ljava/lang/Object;+1 java.base@17.0.7
j  java.util.concurrent.ThreadPoolExecutor.getTask()Ljava/lang/Runnable;+147 java.base@17.0.7
j  java.util.concurrent.ThreadPoolExecutor.runWorker(Ljava/util/concurrent/ThreadPoolExecutor$Worker;)V+26 java.base@17.0.7
j  java.util.concurrent.ThreadPoolExecutor$Worker.run()V+5 java.base@17.0.7
j  org.apache.tomcat.util.threads.TaskThread$WrappingRunnable.run()V+4
j  java.lang.Thread.run()V+11 java.base@17.0.7
v  ~StubRoutines::call_stub

siginfo: EXCEPTION_ACCESS_VIOLATION (0xc0000005), reading address 0x00007ff8e7ecf8f8


Register to memory mapping:

RIP=0x00007ff8e7242e87 jvm.dll
RAX=0x0 is NULL
RBX=0x0 is NULL
RCX=0x0000000000000003 is an unknown value
RDX=0x0000000000000019 is an unknown value
RSP=0x000000e7d6cfef30 is pointing into the stack for thread: 0x000002b9cd6d8850
RBP=0x0 is NULL
RSI=0x000000e7d6cff030 is pointing into the stack for thread: 0x000002b9cd6d8850
RDI=0x0 is NULL
R8 =0x000000e7d6cfeed0 is pointing into the stack for thread: 0x000002b9cd6d8850
R9 =0x0 is NULL
R10=0x0 is NULL
R11=0x0000000800000000 is pointing into metadata
R12=0x0 is NULL
R13=0x000002b9d2d19d40 is pointing into metadata
R14=0x0000000000000180 is an unknown value
R15=0x0 is NULL


Registers:
RAX=0x0000000000000000, RBX=0x0000000000000000, RCX=0x0000000000000003, RDX=0x0000000000000019
RSP=0x000000e7d6cfef30, RBP=0x0000000000000000, RSI=0x000000e7d6cff030, RDI=0x0000000000000000
R8 =0x000000e7d6cfeed0, R9 =0x0000000000000000, R10=0x0000000000000000, R11=0x0000000800000000
R12=0x0000000000000000, R13=0x000002b9d2d19d40, R14=0x0000000000000180, R15=0x0000000000000000
RIP=0x00007ff8e7242e87, EFLAGS=0x0000000000010202

Top of Stack: (sp=0x000000e7d6cfef30)
0x000000e7d6cfef30:   0000000000000000 0000000000000000
0x000000e7d6cfef40:   000000e7d6cff030 0000000000000000
0x000000e7d6cfef50:   0000000000000000 00000000ffffffff
0x000000e7d6cfef60:   0000000000000000 00007ff8e72434b6
0x000000e7d6cfef70:   000000e7d6cff030 0000000000000000
0x000000e7d6cfef80:   000000e7d6cff030 0000000000000000
0x000000e7d6cfef90:   0000000000000000 00007ff8e7243d1c
0x000000e7d6cfefa0:   000000e7d6cff030 000002b9cd6d8850
0x000000e7d6cfefb0:   000000e7d6cff030 00007ff8e77c56a6
0x000000e7d6cfefc0:   0000000000000000 000000000000069c
0x000000e7d6cfefd0:   000002b9cd6d8850 0000000000000000
0x000000e7d6cfefe0:   000002b9d5789fa0 00007ff8e73ae32e
0x000000e7d6cfeff0:   00000000ffffffff 000002b9cd6d8850
0x000000e7d6cff000:   0000000000000001 000002b9cd6d8850
0x000000e7d6cff010:   000002b900000000 0000000000000000
0x000000e7d6cff020:   000002b9cd6d8850 0000000600000001 

Instructions: (pc=0x00007ff8e7242e87)
0x00007ff8e7242d87:   2b c8 ba 03 00 00 00 48 8b ce e8 3a 04 00 00 84
0x00007ff8e7242d97:   c0 0f 84 31 01 00 00 bb 04 00 00 00 8b cb e8 a6
0x00007ff8e7242da7:   18 00 00 e9 22 01 00 00 48 8b ce e8 69 16 00 00
0x00007ff8e7242db7:   84 c0 75 e3 48 8b 06 48 8b 48 10 48 85 c9 74 09
0x00007ff8e7242dc7:   83 b9 f0 00 00 00 01 74 ce 40 84 ed 75 47 b9 04
0x00007ff8e7242dd7:   00 00 00 e8 81 1d 01 00 48 85 c0 74 03 8b 40 20
0x00007ff8e7242de7:   48 63 0d 3e 8e 8e 00 48 0f af 0d 0a cb 88 00 48
0x00007ff8e7242df7:   98 48 3b c1 0f 8f ce 00 00 00 45 8b cf 45 8b c6
0x00007ff8e7242e07:   ba 02 00 00 00 48 9b ce e8 bc 03 00 00 84 c0 0f
0x00007ff8e7242e17:   84 b3 00 00 00 bb 03 00 00 00 8b cb e8 28 18 00
0x00007ff8e7242e27:   00 e9 a4 00 00 00 44 0f b6 c5 ba 03 00 00 00 48
0x00007ff8e7242e37:   8b ce e8 32 fe ff ff 83 f8 04 0f 84 57 ff ff ff
0x00007ff8e7242e47:   8b 05 bb 92 8e 00 83 c0 fe 83 f8 01 76 7a 45 8b
0x00007ff8e7242e57:   cf 45 8b c6 33 d2 48 8b ce e8 6b 03 00 00 84 c0
0x00007ff8e7242e67:   74 66 40 84 ed 75 ae b9 04 00 00 00 e8 e8 1c 01
0x00007ff8e7242e77:   00 48 85 c0 74 03 8b 40 20 48 63 0d a5 8d 8e 00
0x00007ff8e7242e87:   48 0f af 0d 69 ca c8 00 48 98 48 3b c1 7e 86 bb
0x00007ff8e7242e97:   02 00 00 00 8b cb e8 ae 17 00 00 eb 2d 8b 05 5e
0x00007ff8e7242ea7:   92 8e 00 bb 01 00 00 00 83 c0 fe b9 04 00 00 00
0x00007ff8e7242eb7:   83 f8 01 0f 96 c0 84 c0 0f 45 d9 3b df 74 09 8b
0x00007ff8e7242ec7:   cb e8 83 17 00 00 eb 02 8b c3 48 8b 5c 24 40 48
0x00007ff8e7242ed7:   8b 6c 24 48 48 8b 74 24 50 48 83 c4 20 41 5f 41
0x00007ff8e7242ee7:   5e 5f c3 cc cc cc cc cc cc 48 89 5c 24 08 48 89
0x00007ff8e7242ef7:   6c 24 10 48 89 74 24 18 57 41 56 41 57 48 83 ec
0x00007ff8e7242f07:   20 48 8b f1 41 0f b6 e8 48 8b 09 8b fa 8b da e8
0x00007ff8e7242f17:   d5 5f 41 00 48 8b 0e 44 8b f0 e8 1a 43 41 00 83
0x00007ff8e7242f27:   3d db 91 8e 00 02 44 8b f8 74 31 80 3d d6 2d 8f
0x00007ff8e7242f37:   00 00 74 28 48 8b 0d 1e 8d 8e 00 48 85 c9 74 1c
0x00007ff8e7242f47:   83 79 10 03 75 16 48 8b d6 e8 5b ce 21 00 84 c0
0x00007ff8e7242f57:   74 0a bb 01 00 00 00 e9 df 01 00 00 48 8b 0e e8
0x00007ff8e7242f67:   d5 5f 41 00 84 c0 0f 85 b1 01 00 00 48 8b 0e e8
0x00007ff8e7242f77:   75 61 41 00 84 c0 0f 85 a1 01 00 00 85 ff 0f 84 


Stack slot to memory mapping:
stack at sp + 0 slots: 0x0 is NULL
stack at sp + 1 slots: 0x0 is NULL
stack at sp + 2 slots: 0x000000e7d6cff030 is pointing into the stack for thread: 0x000002b9cd6d8850
stack at sp + 3 slots: 0x0 is NULL
stack at sp + 4 slots: 0x0 is NULL
stack at sp + 5 slots: 0x00000000ffffffff is an unknown value
stack at sp + 6 slots: 0x0 is NULL
stack at sp + 7 slots: 0x00007ff8e72434b6 jvm.dll


---------------  P R O C E S S  ---------------

Threads class SMR info:
_java_thread_list=0x000002b9cd7f2000, length=32, elements={
0x000002b9caf2f620, 0x000002b9caf301d0, 0x000002b9caf3fb10, 0x000002b9caf426d0,
0x000002b9caf471a0, 0x000002b9caf47b50, 0x000002b9caf59590, 0x000002b9caf5af50,
0x000002b9caf5b850, 0x000002b9cc0e0090, 0x000002b9cc414070, 0x000002b9cc414540,
0x000002b9cd6daed0, 0x000002b9cd6dc210, 0x000002b9cd6d8d20, 0x000002b9cd6d8850,
0x000002b9cd6daa00, 0x000002b9cd6d91f0, 0x000002b9cd6d96c0, 0x000002b9cd6db3a0,
0x000002b9cd6d9b90, 0x000002b9cd6da060, 0x000002b9cd6da530, 0x000002b9ced360c0,
0x000002b9ced36590, 0x000002b9ced38270, 0x000002b9ced37da0, 0x000002b9ced36a60,
0x000002b9ced395b0, 0x000002b9ced36f30, 0x000002b9ced38c10, 0x000002b9ced39a80
}

Java Threads: ( => current thread )
  0x000002b9caf2f620 JavaThread "Reference Handler" daemon [_thread_blocked, id=2732, stack(0x000000e7d5200000,0x000000e7d5300000)]
  0x000002b9caf301d0 JavaThread "Finalizer" daemon [_thread_blocked, id=4660, stack(0x000000e7d5300000,0x000000e7d5400000)]
  0x000002b9caf3fb10 JavaThread "Signal Dispatcher" daemon [_thread_blocked, id=8632, stack(0x000000e7d5400000,0x000000e7d5500000)]
  0x000002b9caf426d0 JavaThread "Attach Listener" daemon [_thread_blocked, id=5768, stack(0x000000e7d5500000,0x000000e7d5600000)]
  0x000002b9caf471a0 JavaThread "Service Thread" daemon [_thread_blocked, id=7264, stack(0x000000e7d5600000,0x000000e7d5700000)]
  0x000002b9caf47b50 JavaThread "Monitor Deflation Thread" daemon [_thread_blocked, id=11480, stack(0x000000e7d5700000,0x000000e7d5800000)]
  0x000002b9caf59590 JavaThread "C2 CompilerThread0" daemon [_thread_blocked, id=1652, stack(0x000000e7d5800000,0x000000e7d5900000)]
  0x000002b9caf5af50 JavaThread "C1 CompilerThread0" daemon [_thread_blocked, id=6408, stack(0x000000e7d5900000,0x000000e7d5a00000)]
  0x000002b9caf5b850 JavaThread "Sweeper thread" daemon [_thread_blocked, id=10620, stack(0x000000e7d5a00000,0x000000e7d5b00000)]
  0x000002b9cc0e0090 JavaThread "Common-Cleaner" daemon [_thread_blocked, id=11484, stack(0x000000e7d5b00000,0x000000e7d5c00000)]
  0x000002b9cc414070 JavaThread "Monitor Ctrl-Break" daemon [_thread_in_native, id=12016, stack(0x000000e7d5d00000,0x000000e7d5e00000)]
  0x000002b9cc414540 JavaThread "Notification Thread" daemon [_thread_blocked, id=6780, stack(0x000000e7d5e00000,0x000000e7d5f00000)]
  0x000002b9cd6daed0 JavaThread "MVStore background writer C:/Users/rafael.vera/block7-crud-validation.mv.db" daemon [_thread_blocked, id=8224, stack(0x000000e7d6900000,0x000000e7d6a00000)]
  0x000002b9cd6dc210 JavaThread "HikariPool-1 housekeeper" daemon [_thread_blocked, id=8292, stack(0x000000e7d6a00000,0x000000e7d6b00000)]
  0x000002b9cd6d8d20 JavaThread "Catalina-utility-1" [_thread_blocked, id=3480, stack(0x000000e7d6b00000,0x000000e7d6c00000)]
=>0x000002b9cd6d8850 JavaThread "Catalina-utility-2" [_thread_in_vm, id=12452, stack(0x000000e7d6c00000,0x000000e7d6d00000)]
  0x000002b9cd6daa00 JavaThread "container-0" [_thread_blocked, id=13192, stack(0x000000e7d6d00000,0x000000e7d6e00000)]
  0x000002b9cd6d91f0 JavaThread "H2-serialization" daemon [_thread_blocked, id=1364, stack(0x000000e7d6f00000,0x000000e7d7000000)]
  0x000002b9cd6d96c0 JavaThread "H2-save" daemon [_thread_blocked, id=5828, stack(0x000000e7d7000000,0x000000e7d7100000)]
  0x000002b9cd6db3a0 JavaThread "http-nio-8080-exec-1" daemon [_thread_blocked, id=10284, stack(0x000000e7d7100000,0x000000e7d7200000)]
  0x000002b9cd6d9b90 JavaThread "http-nio-8080-exec-2" daemon [_thread_blocked, id=5408, stack(0x000000e7d7200000,0x000000e7d7300000)]
  0x000002b9cd6da060 JavaThread "http-nio-8080-exec-3" daemon [_thread_blocked, id=9480, stack(0x000000e7d7300000,0x000000e7d7400000)]
  0x000002b9cd6da530 JavaThread "http-nio-8080-exec-4" daemon [_thread_blocked, id=4520, stack(0x000000e7d7400000,0x000000e7d7500000)]
  0x000002b9ced360c0 JavaThread "http-nio-8080-exec-5" daemon [_thread_blocked, id=7676, stack(0x000000e7d7500000,0x000000e7d7600000)]
  0x000002b9ced36590 JavaThread "http-nio-8080-exec-6" daemon [_thread_blocked, id=9080, stack(0x000000e7d7600000,0x000000e7d7700000)]
  0x000002b9ced38270 JavaThread "http-nio-8080-exec-7" daemon [_thread_blocked, id=9948, stack(0x000000e7d7700000,0x000000e7d7800000)]
  0x000002b9ced37da0 JavaThread "http-nio-8080-exec-8" daemon [_thread_blocked, id=6080, stack(0x000000e7d7800000,0x000000e7d7900000)]
  0x000002b9ced36a60 JavaThread "http-nio-8080-exec-9" daemon [_thread_blocked, id=8896, stack(0x000000e7d7900000,0x000000e7d7a00000)]
  0x000002b9ced395b0 JavaThread "http-nio-8080-exec-10" daemon [_thread_blocked, id=14144, stack(0x000000e7d7a00000,0x000000e7d7b00000)]
  0x000002b9ced36f30 JavaThread "http-nio-8080-Poller" daemon [_thread_in_native, id=12544, stack(0x000000e7d7b00000,0x000000e7d7c00000)]
  0x000002b9ced38c10 JavaThread "http-nio-8080-Acceptor" daemon [_thread_in_native, id=13828, stack(0x000000e7d7c00000,0x000000e7d7d00000)]
  0x000002b9ced39a80 JavaThread "DestroyJavaVM" [_thread_blocked, id=12080, stack(0x000000e7d4b00000,0x000000e7d4c00000)]

Other Threads:
  0x000002b9caf2a780 VMThread "VM Thread" [stack: 0x000000e7d5100000,0x000000e7d5200000] [id=10084]
  0x000002b9a64098c0 WatcherThread [stack: 0x000000e7d5f00000,0x000000e7d6000000] [id=2920]
  0x000002b9a63f5680 GCTaskThread "GC Thread#0" [stack: 0x000000e7d4c00000,0x000000e7d4d00000] [id=13524]
  0x000002b9ccf33a20 GCTaskThread "GC Thread#1" [stack: 0x000000e7d6000000,0x000000e7d6100000] [id=9936]
  0x000002b9ccf33cd0 GCTaskThread "GC Thread#2" [stack: 0x000000e7d6100000,0x000000e7d6200000] [id=5656]
  0x000002b9cc79fd20 GCTaskThread "GC Thread#3" [stack: 0x000000e7d6200000,0x000000e7d6300000] [id=11532]
  0x000002b9cc79ffd0 GCTaskThread "GC Thread#4" [stack: 0x000000e7d6300000,0x000000e7d6400000] [id=11468]
  0x000002b9cce15f90 GCTaskThread "GC Thread#5" [stack: 0x000000e7d6400000,0x000000e7d6500000] [id=12704]
  0x000002b9cce16650 GCTaskThread "GC Thread#6" [stack: 0x000000e7d6500000,0x000000e7d6600000] [id=1512]
  0x000002b9cd1decb0 GCTaskThread "GC Thread#7" [stack: 0x000000e7d6600000,0x000000e7d6700000] [id=8592]
  0x000002b9a6400410 ConcurrentGCThread "G1 Main Marker" [stack: 0x000000e7d4d00000,0x000000e7d4e00000] [id=9880]
  0x000002b9a6400e20 ConcurrentGCThread "G1 Conc#0" [stack: 0x000000e7d4e00000,0x000000e7d4f00000] [id=11232]
  0x000002b9cef47110 ConcurrentGCThread "G1 Conc#1" [stack: 0x000000e7d6800000,0x000000e7d6900000] [id=10148]
  0x000002b9cae04f00 ConcurrentGCThread "G1 Refine#0" [stack: 0x000000e7d4f00000,0x000000e7d5000000] [id=7036]
  0x000002b9cae05920 ConcurrentGCThread "G1 Service" [stack: 0x000000e7d5000000,0x000000e7d5100000] [id=8532]

Threads with active compile tasks:

VM state: not at safepoint (normal execution)

VM Mutex/Monitor currently owned by a thread: None

Heap address: 0x00000006c3400000, size: 5068 MB, Compressed Oops mode: Zero based, Oop shift amount: 3

CDS archive(s) mapped at: [0x0000000800000000-0x0000000800bd0000-0x0000000800bd0000), size 12386304, SharedBaseAddress: 0x0000000800000000, ArchiveRelocationMode: 0.
Compressed class space mapped at: 0x0000000800c00000-0x0000000840c00000, reserved size: 1073741824
Narrow klass base: 0x0000000800000000, Narrow klass shift: 0, Narrow klass range: 0x100000000

GC Precious Log:
 CPUs: 8 total, 8 available
 Memory: 20269M
 Large Page Support: Disabled
 NUMA Support: Disabled
 Compressed Oops: Enabled (Zero based)
 Heap Region Size: 4M
 Heap Min Capacity: 8M
 Heap Initial Capacity: 320M
 Heap Max Capacity: 5068M
 Pre-touch: Disabled
 Parallel Workers: 8
 Concurrent Workers: 2
 Concurrent Refinement Workers: 8
 Periodic GC: Disabled

Heap:
 garbage-first heap   total 98304K, used 34405K [0x00000006c3400000, 0x0000000800000000)
  region size 4096K, 5 young (20480K), 2 survivors (8192K)
 Metaspace       used 60676K, committed 61184K, reserved 1105920K
  class space    used 8242K, committed 8512K, reserved 1048576K

Heap Regions: E=young(eden), S=young(survivor), O=old, HS=humongous(starts), HC=humongous(continues), CS=collection set, F=free, OA=open archive, CA=closed archive, TAMS=top-at-mark-start (previous, next)
|   0|0x00000006c3400000, 0x00000006c3800000, 0x00000006c3800000|100%| O|  |TAMS 0x00000006c3800000, 0x00000006c3400000| Untracked 
|   1|0x00000006c3800000, 0x00000006c3800000, 0x00000006c3c00000|  0%| F|  |TAMS 0x00000006c3800000, 0x00000006c3800000| Untracked 
|   2|0x00000006c3c00000, 0x00000006c4000000, 0x00000006c4000000|100%| O|  |TAMS 0x00000006c4000000, 0x00000006c3c00000| Untracked 
|   3|0x00000006c4000000, 0x00000006c4400000, 0x00000006c4400000|100%| O|  |TAMS 0x00000006c4400000, 0x00000006c4000000| Untracked 
|   4|0x00000006c4400000, 0x00000006c4800000, 0x00000006c4800000|100%| O|  |TAMS 0x00000006c4800000, 0x00000006c4400000| Untracked 
|   5|0x00000006c4800000, 0x00000006c4c00000, 0x00000006c4c00000|100%| O|  |TAMS 0x00000006c4c00000, 0x00000006c4800000| Untracked 
|   6|0x00000006c4c00000, 0x00000006c4c00000, 0x00000006c5000000|  0%| F|  |TAMS 0x00000006c4c00000, 0x00000006c4c00000| Untracked 
|   7|0x00000006c5000000, 0x00000006c5126000, 0x00000006c5400000| 28%| O|  |TAMS 0x00000006c5126000, 0x00000006c5000000| Untracked 
|   8|0x00000006c5400000, 0x00000006c5400000, 0x00000006c5800000|  0%| F|  |TAMS 0x00000006c5400000, 0x00000006c5400000| Untracked 
|   9|0x00000006c5800000, 0x00000006c5800000, 0x00000006c5c00000|  0%| F|  |TAMS 0x00000006c5800000, 0x00000006c5800000| Untracked 
|  10|0x00000006c5c00000, 0x00000006c5c00000, 0x00000006c6000000|  0%| F|  |TAMS 0x00000006c5c00000, 0x00000006c5c00000| Untracked 
|  11|0x00000006c6000000, 0x00000006c6000000, 0x00000006c6400000|  0%| F|  |TAMS 0x00000006c6000000, 0x00000006c6000000| Untracked 
|  12|0x00000006c6400000, 0x00000006c6400000, 0x00000006c6800000|  0%| F|  |TAMS 0x00000006c6400000, 0x00000006c6400000| Untracked 
|  13|0x00000006c6800000, 0x00000006c6800000, 0x00000006c6c00000|  0%| F|  |TAMS 0x00000006c6800000, 0x00000006c6800000| Untracked 
|  14|0x00000006c6c00000, 0x00000006c6c00000, 0x00000006c7000000|  0%| F|  |TAMS 0x00000006c6c00000, 0x00000006c6c00000| Untracked 
|  15|0x00000006c7000000, 0x00000006c7000000, 0x00000006c7400000|  0%| F|  |TAMS 0x00000006c7000000, 0x00000006c7000000| Untracked 
|  16|0x00000006c7400000, 0x00000006c7473470, 0x00000006c7800000| 11%| S|CS|TAMS 0x00000006c7400000, 0x00000006c7400000| Complete 
|  17|0x00000006c7800000, 0x00000006c7c00000, 0x00000006c7c00000|100%| S|CS|TAMS 0x00000006c7800000, 0x00000006c7800000| Complete 
|  18|0x00000006c7c00000, 0x00000006c7c00000, 0x00000006c8000000|  0%| F|  |TAMS 0x00000006c7c00000, 0x00000006c7c00000| Untracked 
|  19|0x00000006c8000000, 0x00000006c8000000, 0x00000006c8400000|  0%| F|  |TAMS 0x00000006c8000000, 0x00000006c8000000| Untracked 
|  20|0x00000006c8400000, 0x00000006c8400000, 0x00000006c8800000|  0%| F|  |TAMS 0x00000006c8400000, 0x00000006c8400000| Untracked 
|  21|0x00000006c8800000, 0x00000006c8b5b8f0, 0x00000006c8c00000| 83%| E|  |TAMS 0x00000006c8800000, 0x00000006c8800000| Complete 
|  71|0x00000006d5000000, 0x00000006d5400000, 0x00000006d5400000|100%| E|CS|TAMS 0x00000006d5000000, 0x00000006d5000000| Complete 
|  79|0x00000006d7000000, 0x00000006d7400000, 0x00000006d7400000|100%| E|CS|TAMS 0x00000006d7000000, 0x00000006d7000000| Complete 

Card table byte_map: [0x000002b9bd920000,0x000002b9be310000] _byte_map_base: 0x000002b9ba306000

Marking Bits (Prev, Next): (CMBitMap*) 0x000002b9a63f5cd0, (CMBitMap*) 0x000002b9a63f5c90
 Prev Bits: [0x000002b9c3c30000, 0x000002b9c8b60000)
 Next Bits: [0x000002b9bed00000, 0x000002b9c3c30000)

Polling page: 0x000002b9a5b50000

Metaspace:

Usage:
  Non-class:     51.20 MB used.
      Class:      8.05 MB used.
       Both:     59.25 MB used.

Virtual space:
  Non-class space:       56.00 MB reserved,      51.44 MB ( 92%) committed,  7 nodes.
      Class space:        1.00 GB reserved,       8.31 MB ( <1%) committed,  1 nodes.
             Both:        1.05 GB reserved,      59.75 MB (  6%) committed. 

Chunk freelists:
   Non-Class:  128.00 KB
       Class:  3.53 MB
        Both:  3.66 MB

MaxMetaspaceSize: unlimited
CompressedClassSpaceSize: 1.00 GB
Initial GC threshold: 21.00 MB
Current GC threshold: 98.88 MB
CDS: on
MetaspaceReclaimPolicy: balanced
 - commit_granule_bytes: 65536.
 - commit_granule_words: 8192.
 - virtual_space_node_default_size: 1048576.
 - enlarge_chunks_in_place: 1.
 - new_chunks_are_fully_committed: 0.
 - uncommit_free_chunks: 1.
 - use_allocation_guard: 0.
 - handle_deallocations: 1.


Internal statistics:

num_allocs_failed_limit: 9.
num_arena_births: 696.
num_arena_deaths: 0.
num_vsnodes_births: 8.
num_vsnodes_deaths: 0.
num_space_committed: 956.
num_space_uncommitted: 0.
num_chunks_returned_to_freelist: 9.
num_chunks_taken_from_freelist: 2897.
num_chunk_merges: 9.
num_chunk_splits: 2134.
num_chunks_enlarged: 1695.
num_purges: 0.
num_inconsistent_stats: 0.

CodeHeap 'non-profiled nmethods': size=120000Kb used=3556Kb max_used=3556Kb free=116443Kb
 bounds [0x000002b9b56d0000, 0x000002b9b5a50000, 0x000002b9bcc00000]
CodeHeap 'profiled nmethods': size=120000Kb used=9245Kb max_used=9863Kb free=110754Kb
 bounds [0x000002b9adc00000, 0x000002b9ae5b0000, 0x000002b9b5130000]
CodeHeap 'non-nmethods': size=5760Kb used=1345Kb max_used=1411Kb free=4414Kb
 bounds [0x000002b9b5130000, 0x000002b9b53a0000, 0x000002b9b56d0000]
 total_blobs=5587 nmethods=4920 adapters=579
 compilation: enabled
              stopped_count=0, restarted_count=0
 full_count=0

Compilation events (20 events):
Event: 110.140 Thread 0x000002b9caf59590 5701       4       java.util.concurrent.ConcurrentHashMap$ValueIterator::<init> (12 bytes)
Event: 110.147 Thread 0x000002b9caf59590 nmethod 5701 0x000002b9b5a45390 code [0x000002b9b5a45520, 0x000002b9b5a45a78]
Event: 110.448 Thread 0x000002b9caf59590 5702       4       java.util.concurrent.ConcurrentHashMap::values (25 bytes)
Event: 110.451 Thread 0x000002b9caf59590 nmethod 5702 0x000002b9b5a45c10 code [0x000002b9b5a45da0, 0x000002b9b5a45f78]
Event: 110.511 Thread 0x000002b9caf59590 5703       4       java.util.concurrent.ConcurrentHashMap$ValuesView::iterator (34 bytes)
Event: 110.515 Thread 0x000002b9caf59590 nmethod 5703 0x000002b9b5a46010 code [0x000002b9b5a461a0, 0x000002b9b5a46618]
Event: 111.368 Thread 0x000002b9caf5af50 5704       3       java.util.concurrent.locks.AbstractQueuedSynchronizer$Node::clearStatus (12 bytes)
Event: 111.369 Thread 0x000002b9caf5af50 nmethod 5704 0x000002b9adc44c10 code [0x000002b9adc44dc0, 0x000002b9adc44f28]
Event: 113.411 Thread 0x000002b9caf5af50 5705       3       java.util.concurrent.locks.AbstractQueuedSynchronizer$ConditionObject::signal (34 bytes)
Event: 113.412 Thread 0x000002b9caf5af50 nmethod 5705 0x000002b9adc44590 code [0x000002b9adc44760, 0x000002b9adc44ac8]
Event: 114.365 Thread 0x000002b9caf5af50 5706       3       java.util.concurrent.locks.LockSupport::unpark (12 bytes)
Event: 114.365 Thread 0x000002b9caf5af50 nmethod 5706 0x000002b9adc44190 code [0x000002b9adc44340, 0x000002b9adc444a8]
Event: 115.124 Thread 0x000002b9caf59590 5708   !   4       java.util.concurrent.PriorityBlockingQueue::peek (29 bytes)
Event: 115.130 Thread 0x000002b9caf59590 nmethod 5708 0x000002b9b5a46c90 code [0x000002b9b5a46e40, 0x000002b9b5a473f8]
Event: 115.185 Thread 0x000002b9caf59590 5709       4       org.h2.mvstore.MVStore::isIdle (29 bytes)
Event: 115.187 Thread 0x000002b9caf59590 nmethod 5709 0x000002b9b5a47810 code [0x000002b9b5a479a0, 0x000002b9b5a47a98]
Event: 115.248 Thread 0x000002b9caf59590 5710       4       org.h2.mvstore.MVStore::acceptChunkOccupancyChanges (342 bytes)
Event: 115.259 Thread 0x000002b9caf59590 nmethod 5710 0x000002b9b5a47c10 code [0x000002b9b5a47de0, 0x000002b9b5a486b8]
Event: 123.481 Thread 0x000002b9caf5af50 5711       1       org.apache.catalina.LifecycleState::isAvailable (5 bytes)
Event: 123.481 Thread 0x000002b9caf5af50 nmethod 5711 0x000002b9b5a48f90 code [0x000002b9b5a49120, 0x000002b9b5a491f8]

GC Heap History (20 events):
Event: 1.470 GC heap before
{Heap before GC invocations=2 (full 0):
 garbage-first heap   total 327680K, used 44323K [0x00000006c3400000, 0x0000000800000000)
  region size 4096K, 10 young (40960K), 1 survivors (4096K)
 Metaspace       used 16880K, committed 17088K, reserved 1064960K
  class space    used 2061K, committed 2176K, reserved 1048576K
}
Event: 1.474 GC heap after
{Heap after GC invocations=3 (full 0):
 garbage-first heap   total 327680K, used 10930K [0x00000006c3400000, 0x0000000800000000)
  region size 4096K, 2 young (8192K), 2 survivors (8192K)
 Metaspace       used 16880K, committed 17088K, reserved 1064960K
  class space    used 2061K, committed 2176K, reserved 1048576K
}
Event: 2.237 GC heap before
{Heap before GC invocations=3 (full 0):
 garbage-first heap   total 327680K, used 39602K [0x00000006c3400000, 0x0000000800000000)
  region size 4096K, 10 young (40960K), 2 survivors (8192K)
 Metaspace       used 21252K, committed 21504K, reserved 1073152K
  class space    used 2652K, committed 2752K, reserved 1048576K
}
Event: 2.241 GC heap after
{Heap after GC invocations=4 (full 0):
 garbage-first heap   total 327680K, used 12891K [0x00000006c3400000, 0x0000000800000000)
  region size 4096K, 2 young (8192K), 2 survivors (8192K)
 Metaspace       used 21252K, committed 21504K, reserved 1073152K
  class space    used 2652K, committed 2752K, reserved 1048576K
}
Event: 3.160 GC heap before
{Heap before GC invocations=5 (full 0):
 garbage-first heap   total 69632K, used 45659K [0x00000006c3400000, 0x0000000800000000)
  region size 4096K, 10 young (40960K), 2 survivors (8192K)
 Metaspace       used 28662K, committed 29120K, reserved 1081344K
  class space    used 3612K, committed 3840K, reserved 1048576K
}
Event: 3.170 GC heap after
{Heap after GC invocations=6 (full 0):
 garbage-first heap   total 69632K, used 16248K [0x00000006c3400000, 0x0000000800000000)
  region size 4096K, 2 young (8192K), 2 survivors (8192K)
 Metaspace       used 28662K, committed 29120K, reserved 1081344K
  class space    used 3612K, committed 3840K, reserved 1048576K
}
Event: 3.251 GC heap before
{Heap before GC invocations=6 (full 0):
 garbage-first heap   total 69632K, used 20344K [0x00000006c3400000, 0x0000000800000000)
  region size 4096K, 3 young (12288K), 2 survivors (8192K)
 Metaspace       used 30008K, committed 30464K, reserved 1081344K
  class space    used 3750K, committed 3968K, reserved 1048576K
}
Event: 3.259 GC heap after
{Heap after GC invocations=7 (full 0):
 garbage-first heap   total 69632K, used 17248K [0x00000006c3400000, 0x0000000800000000)
  region size 4096K, 1 young (4096K), 1 survivors (4096K)
 Metaspace       used 30008K, committed 30464K, reserved 1081344K
  class space    used 3750K, committed 3968K, reserved 1048576K
}
Event: 3.762 GC heap before
{Heap before GC invocations=7 (full 0):
 garbage-first heap   total 69632K, used 41824K [0x00000006c3400000, 0x0000000800000000)
  region size 4096K, 7 young (28672K), 1 survivors (4096K)
 Metaspace       used 35658K, committed 36032K, reserved 1081344K
  class space    used 4502K, committed 4672K, reserved 1048576K
}
Event: 3.768 GC heap after
{Heap after GC invocations=8 (full 0):
 garbage-first heap   total 69632K, used 18864K [0x00000006c3400000, 0x0000000800000000)
  region size 4096K, 1 young (4096K), 1 survivors (4096K)
 Metaspace       used 35658K, committed 36032K, reserved 1081344K
  class space    used 4502K, committed 4672K, reserved 1048576K
}
Event: 3.775 GC heap before
{Heap before GC invocations=8 (full 0):
 garbage-first heap   total 69632K, used 18864K [0x00000006c3400000, 0x0000000800000000)
  region size 4096K, 2 young (8192K), 1 survivors (4096K)
 Metaspace       used 35758K, committed 36096K, reserved 1081344K
  class space    used 4522K, committed 4672K, reserved 1048576K
}
Event: 3.777 GC heap after
{Heap after GC invocations=9 (full 0):
 garbage-first heap   total 200704K, used 19013K [0x00000006c3400000, 0x0000000800000000)
  region size 4096K, 1 young (4096K), 1 survivors (4096K)
 Metaspace       used 35758K, committed 36096K, reserved 1081344K
  class space    used 4522K, committed 4672K, reserved 1048576K
}
Event: 4.937 GC heap before
{Heap before GC invocations=10 (full 0):
 garbage-first heap   total 98304K, used 80453K [0x00000006c3400000, 0x0000000800000000)
  region size 4096K, 17 young (69632K), 1 survivors (4096K)
 Metaspace       used 52264K, committed 52736K, reserved 1097728K
  class space    used 7108K, committed 7360K, reserved 1048576K
}
Event: 4.940 GC heap after
{Heap after GC invocations=11 (full 0):
 garbage-first heap   total 98304K, used 21796K [0x00000006c3400000, 0x0000000800000000)
  region size 4096K, 1 young (4096K), 1 survivors (4096K)
 Metaspace       used 52264K, committed 52736K, reserved 1097728K
  class space    used 7108K, committed 7360K, reserved 1048576K
}
Event: 5.021 GC heap before
{Heap before GC invocations=11 (full 0):
 garbage-first heap   total 98304K, used 25892K [0x00000006c3400000, 0x0000000800000000)
  region size 4096K, 2 young (8192K), 1 survivors (4096K)
 Metaspace       used 53289K, committed 53760K, reserved 1097728K
  class space    used 7280K, committed 7552K, reserved 1048576K
}
Event: 5.024 GC heap after
{Heap after GC invocations=12 (full 0):
 garbage-first heap   total 98304K, used 22253K [0x00000006c3400000, 0x0000000800000000)
  region size 4096K, 1 young (4096K), 1 survivors (4096K)
 Metaspace       used 53289K, committed 53760K, reserved 1097728K
  class space    used 7280K, committed 7552K, reserved 1048576K
}
Event: 5.772 GC heap before
{Heap before GC invocations=12 (full 0):
 garbage-first heap   total 98304K, used 63213K [0x00000006c3400000, 0x0000000800000000)
  region size 4096K, 12 young (49152K), 1 survivors (4096K)
 Metaspace       used 57593K, committed 58048K, reserved 1105920K
  class space    used 7825K, committed 8064K, reserved 1048576K
}
Event: 5.776 GC heap after
{Heap after GC invocations=13 (full 0):
 garbage-first heap   total 98304K, used 24274K [0x00000006c3400000, 0x0000000800000000)
  region size 4096K, 1 young (4096K), 1 survivors (4096K)
 Metaspace       used 57593K, committed 58048K, reserved 1105920K
  class space    used 7825K, committed 8064K, reserved 1048576K
}
Event: 6.272 GC heap before
{Heap before GC invocations=13 (full 0):
 garbage-first heap   total 98304K, used 44754K [0x00000006c3400000, 0x0000000800000000)
  region size 4096K, 7 young (28672K), 1 survivors (4096K)
 Metaspace       used 60128K, committed 60608K, reserved 1105920K
  class space    used 8155K, committed 8384K, reserved 1048576K
}
Event: 6.276 GC heap after
{Heap after GC invocations=14 (full 0):
 garbage-first heap   total 98304K, used 26213K [0x00000006c3400000, 0x0000000800000000)
  region size 4096K, 2 young (8192K), 2 survivors (8192K)
 Metaspace       used 60128K, committed 60608K, reserved 1105920K
  class space    used 8155K, committed 8384K, reserved 1048576K
}

Deoptimization events (20 events):
Event: 6.139 Thread 0x000002b9a637dcd0 Uncommon trap: trap_request=0xffffff45 fr.pc=0x000002b9b5788d2c relative=0x00000000000016ec
Event: 6.139 Thread 0x000002b9a637dcd0 Uncommon trap: reason=unstable_if action=reinterpret pc=0x000002b9b5788d2c method=org.springframework.core.annotation.TypeMappedAnnotations$MergedAnnotationFinder.process(Ljava/lang/Object;ILjava/lang/Object;Ljava/lang/annotation/Annotation;)Lorg/springfr
Event: 6.139 Thread 0x000002b9a637dcd0 DEOPT PACKING pc=0x000002b9b5788d2c sp=0x000000e7d4bfd9c0
Event: 6.139 Thread 0x000002b9a637dcd0 DEOPT UNPACKING pc=0x000002b9b5185ba3 sp=0x000000e7d4bfd8e8 mode 2
Event: 6.257 Thread 0x000002b9a637dcd0 Uncommon trap: trap_request=0xffffff45 fr.pc=0x000002b9b588c6c8 relative=0x0000000000000e08
Event: 6.257 Thread 0x000002b9a637dcd0 Uncommon trap: reason=unstable_if action=reinterpret pc=0x000002b9b588c6c8 method=org.springframework.beans.factory.support.DefaultSingletonBeanRegistry.getSingleton(Ljava/lang/String;Z)Ljava/lang/Object; @ 39 c2
Event: 6.257 Thread 0x000002b9a637dcd0 DEOPT PACKING pc=0x000002b9b588c6c8 sp=0x000000e7d4bfdea0
Event: 6.257 Thread 0x000002b9a637dcd0 DEOPT UNPACKING pc=0x000002b9b5185ba3 sp=0x000000e7d4bfde38 mode 2
Event: 6.279 Thread 0x000002b9a637dcd0 Uncommon trap: trap_request=0xffffffde fr.pc=0x000002b9b592c120 relative=0x0000000000005e40
Event: 6.279 Thread 0x000002b9a637dcd0 Uncommon trap: reason=class_check action=maybe_recompile pc=0x000002b9b592c120 method=org.springframework.boot.context.properties.source.ConfigurationPropertyName$Elements.charAt(II)C @ 43 c2
Event: 6.279 Thread 0x000002b9a637dcd0 DEOPT PACKING pc=0x000002b9b592c120 sp=0x000000e7d4bfac90
Event: 6.279 Thread 0x000002b9a637dcd0 DEOPT UNPACKING pc=0x000002b9b5185ba3 sp=0x000000e7d4bfa868 mode 2
Event: 6.279 Thread 0x000002b9a637dcd0 Uncommon trap: trap_request=0xffffffde fr.pc=0x000002b9b592c120 relative=0x0000000000005e40
Event: 6.279 Thread 0x000002b9a637dcd0 Uncommon trap: reason=class_check action=maybe_recompile pc=0x000002b9b592c120 method=org.springframework.boot.context.properties.source.ConfigurationPropertyName$Elements.charAt(II)C @ 43 c2
Event: 6.279 Thread 0x000002b9a637dcd0 DEOPT PACKING pc=0x000002b9b592c120 sp=0x000000e7d4bfac90
Event: 6.279 Thread 0x000002b9a637dcd0 DEOPT UNPACKING pc=0x000002b9b5185ba3 sp=0x000000e7d4bfa868 mode 2
Event: 6.368 Thread 0x000002b9a637dcd0 Uncommon trap: trap_request=0xffffff45 fr.pc=0x000002b9b57334e0 relative=0x0000000000000060
Event: 6.368 Thread 0x000002b9a637dcd0 Uncommon trap: reason=unstable_if action=reinterpret pc=0x000002b9b57334e0 method=org.springframework.util.ConcurrentReferenceHashMap$Segment.clear()V @ 7 c2
Event: 6.368 Thread 0x000002b9a637dcd0 DEOPT PACKING pc=0x000002b9b57334e0 sp=0x000000e7d4bfe900
Event: 6.368 Thread 0x000002b9a637dcd0 DEOPT UNPACKING pc=0x000002b9b5185ba3 sp=0x000000e7d4bfe890 mode 2

Classes unloaded (0 events):
No events

Classes redefined (0 events):
No events

Internal exceptions (20 events):
Event: 5.150 Thread 0x000002b9a637dcd0 Exception <a 'java/lang/IncompatibleClassChangeError'{0x00000006c851aeb0}: Found class java.lang.Object, but interface was expected> (0x00000006c851aeb0) 
thrown [s\open\src\hotspot\share\interpreter\linkResolver.cpp, line 826]
Event: 5.165 Thread 0x000002b9a637dcd0 Exception <a 'java/lang/IncompatibleClassChangeError'{0x00000006c859ec10}: Found class java.lang.Object, but interface was expected> (0x00000006c859ec10) 
thrown [s\open\src\hotspot\share\interpreter\linkResolver.cpp, line 826]
Event: 5.211 Thread 0x000002b9a637dcd0 Exception <a 'java/lang/IncompatibleClassChangeError'{0x00000006c87061c8}: Found class java.lang.Object, but interface was expected> (0x00000006c87061c8) 
thrown [s\open\src\hotspot\share\interpreter\linkResolver.cpp, line 826]
Event: 5.469 Thread 0x000002b9a637dcd0 Exception <a 'java/lang/IncompatibleClassChangeError'{0x00000006c7e71310}: Found class java.lang.Object, but interface was expected> (0x00000006c7e71310) 
thrown [s\open\src\hotspot\share\interpreter\linkResolver.cpp, line 826]
Event: 5.571 Thread 0x000002b9a637dcd0 Exception <a 'java/lang/reflect/InvocationTargetException'{0x00000006c750e130}> (0x00000006c750e130) 
thrown [s\open\src\hotspot\share\runtime\reflection.cpp, line 1121]
Event: 5.583 Thread 0x000002b9a637dcd0 Exception <a 'java/lang/NoSuchMethodError'{0x00000006c756f7a8}: 'int java.lang.invoke.DirectMethodHandle$Holder.invokeStatic(java.lang.Object, java.lang.Object, int)'> (0x00000006c756f7a8) 
thrown [s\open\src\hotspot\share\interpreter\linkResolver.cpp, line 759]
Event: 5.586 Thread 0x000002b9a637dcd0 Exception <a 'java/lang/NoSuchMethodError'{0x00000006c758c480}: 'java.lang.Object java.lang.invoke.DirectMethodHandle$Holder.newInvokeSpecial(java.lang.Object, java.lang.Object, int)'> (0x00000006c758c480) 
thrown [s\open\src\hotspot\share\interpreter\linkResolver.cpp, line 759]
Event: 5.589 Thread 0x000002b9a637dcd0 Exception <a 'java/lang/NoSuchMethodError'{0x00000006c75f8320}: 'java.lang.Object java.lang.invoke.Invokers$Holder.invoke_MT(java.lang.Object, java.lang.Object, java.lang.Object, java.lang.Object, java.lang.Object, java.lang.Object, java.lang.Object, java.lang.Object, java.lang.Object)'> (0x00000006c75f8320) 
thrown [s\open\src\hotspot\share\interpreter\linkResolver.cpp, line 759]
Event: 5.593 Thread 0x000002b9a637dcd0 Exception <a 'java/lang/IncompatibleClassChangeError'{0x00000006c76211d8}: Found class java.lang.Object, but interface was expected> (0x00000006c76211d8) 
thrown [s\open\src\hotspot\share\interpreter\linkResolver.cpp, line 826]
Event: 5.690 Thread 0x000002b9a637dcd0 Exception <a 'java/lang/reflect/InvocationTargetException'{0x00000006c6d09a08}> (0x00000006c6d09a08) 
thrown [s\open\src\hotspot\share\runtime\reflection.cpp, line 1121]
Event: 5.728 Thread 0x000002b9a637dcd0 Exception <a 'java/lang/reflect/InvocationTargetException'{0x00000006c6a43c50}> (0x00000006c6a43c50) 
thrown [s\open\src\hotspot\share\runtime\reflection.cpp, line 1121]
Event: 5.781 Thread 0x000002b9a637dcd0 Exception <a 'java/lang/reflect/InvocationTargetException'{0x00000006d70b68d0}> (0x00000006d70b68d0) 
thrown [s\open\src\hotspot\share\runtime\reflection.cpp, line 1121]
Event: 5.786 Thread 0x000002b9a637dcd0 Exception <a 'java/lang/reflect/InvocationTargetException'{0x00000006d70c49d0}> (0x00000006d70c49d0) 
thrown [s\open\src\hotspot\share\runtime\reflection.cpp, line 1121]
Event: 6.025 Thread 0x000002b9a637dcd0 Exception <a 'java/lang/NoSuchMethodError'{0x00000006c8b6e9f0}: 'void java.lang.invoke.DirectMethodHandle$Holder.invokeVirtual(java.lang.Object, java.lang.Object, long)'> (0x00000006c8b6e9f0) 
thrown [s\open\src\hotspot\share\interpreter\linkResolver.cpp, line 759]
Event: 6.204 Thread 0x000002b9a637dcd0 Exception <a 'java/lang/IncompatibleClassChangeError'{0x00000006c8246998}: Found class java.lang.Object, but interface was expected> (0x00000006c8246998) 
thrown [s\open\src\hotspot\share\interpreter\linkResolver.cpp, line 826]
Event: 6.253 Thread 0x000002b9a637dcd0 Exception <a 'java/lang/NoSuchMethodError'{0x00000006c83d1048}: 'int java.lang.invoke.DirectMethodHandle$Holder.invokeStaticInit(java.lang.Object, java.lang.Object, java.lang.Object, java.lang.Object)'> (0x00000006c83d1048) 
thrown [s\open\src\hotspot\share\interpreter\linkResolver.cpp, line 759]
Event: 6.335 Thread 0x000002b9a637dcd0 Exception <a 'java/lang/NoSuchMethodError'{0x00000006d50aad40}: 'java.lang.Object java.lang.invoke.DirectMethodHandle$Holder.newInvokeSpecial(java.lang.Object, java.lang.Object, int, java.lang.Object, java.lang.Object)'> (0x00000006d50aad40) 
thrown [s\open\src\hotspot\share\interpreter\linkResolver.cpp, line 759]
Event: 6.335 Thread 0x000002b9a637dcd0 Exception <a 'java/lang/NoSuchMethodError'{0x00000006d50b62c0}: 'java.lang.Object java.lang.invoke.DirectMethodHandle$Holder.invokeSpecial(java.lang.Object, java.lang.Object, int, java.lang.Object, int, java.lang.Object)'> (0x00000006d50b62c0) 
thrown [s\open\src\hotspot\share\interpreter\linkResolver.cpp, line 759]
Event: 6.336 Thread 0x000002b9a637dcd0 Exception <a 'java/lang/NoSuchMethodError'{0x00000006d50be360}: 'java.lang.Object java.lang.invoke.DirectMethodHandle$Holder.newInvokeSpecial(java.lang.Object, java.lang.Object, int, java.lang.Object, int)'> (0x00000006d50be360) 
thrown [s\open\src\hotspot\share\interpreter\linkResolver.cpp, line 759]
Event: 6.336 Thread 0x000002b9a637dcd0 Exception <a 'java/lang/NoSuchMethodError'{0x00000006d50c2460}: 'java.lang.Object java.lang.invoke.DirectMethodHandle$Holder.invokeSpecial(java.lang.Object, java.lang.Object, java.lang.Object, int, java.lang.Object, int)'> (0x00000006d50c2460) 
thrown [s\open\src\hotspot\share\interpreter\linkResolver.cpp, line 759]

VM Operations (20 events):
Event: 10.351 Executing VM operation: Cleanup
Event: 10.351 Executing VM operation: Cleanup done
Event: 20.430 Executing VM operation: Cleanup
Event: 20.430 Executing VM operation: Cleanup done
Event: 24.459 Executing VM operation: Cleanup
Event: 24.459 Executing VM operation: Cleanup done
Event: 28.493 Executing VM operation: Cleanup
Event: 28.493 Executing VM operation: Cleanup done
Event: 32.532 Executing VM operation: Cleanup
Event: 32.533 Executing VM operation: Cleanup done
Event: 41.606 Executing VM operation: Cleanup
Event: 41.606 Executing VM operation: Cleanup done
Event: 63.800 Executing VM operation: Cleanup
Event: 63.800 Executing VM operation: Cleanup done
Event: 69.868 Executing VM operation: Cleanup
Event: 69.868 Executing VM operation: Cleanup done
Event: 111.244 Executing VM operation: Cleanup
Event: 111.244 Executing VM operation: Cleanup done
Event: 115.288 Executing VM operation: Cleanup
Event: 115.288 Executing VM operation: Cleanup done

Events (20 events):
Event: 6.355 loading class sun/nio/ch/SourceChannelImpl done
Event: 6.355 loading class sun/nio/ch/SinkChannelImpl
Event: 6.355 loading class java/nio/channels/Pipe$SinkChannel
Event: 6.355 loading class java/nio/channels/Pipe$SinkChannel done
Event: 6.355 loading class sun/nio/ch/SinkChannelImpl done
Event: 6.356 Thread 0x000002b9ced36f30 Thread added: 0x000002b9ced36f30
Event: 6.357 loading class java/nio/channels/spi/AbstractSelector$1
Event: 6.357 loading class java/nio/channels/spi/AbstractSelector$1 done
Event: 6.358 Thread 0x000002b9ced38c10 Thread added: 0x000002b9ced38c10
Event: 6.359 loading class java/util/TreeMap$ValueSpliterator
Event: 6.359 loading class java/util/TreeMap$TreeMapSpliterator
Event: 6.359 loading class java/util/TreeMap$TreeMapSpliterator done
Event: 6.359 loading class java/util/TreeMap$ValueSpliterator done
Event: 6.370 loading class jdk/internal/math/FDBigInteger
Event: 6.371 loading class jdk/internal/math/FDBigInteger done
Event: 6.376 Thread 0x000002b9a637dcd0 Thread exited: 0x000002b9a637dcd0
Event: 6.376 Thread 0x000002b9ced39a80 Thread added: 0x000002b9ced39a80
Event: 6.941 Thread 0x000002b9cd8284b0 Thread exited: 0x000002b9cd8284b0
Event: 7.189 Thread 0x000002b9cc1a8dc0 Thread exited: 0x000002b9cc1a8dc0
Event: 8.564 Thread 0x000002b9cd6db870 Thread exited: 0x000002b9cd6db870


Dynamic libraries:
0x00007ff6fc2b0000 - 0x00007ff6fc2c0000 	C:\Program Files\Java\jdk-17\bin\java.exe
0x00007ff9606d0000 - 0x00007ff9608c8000 	C:\Windows\SYSTEM32\ntdll.dll
0x00007ff95ee80000 - 0x00007ff95ef3f000 	C:\Windows\System32\KERNEL32.DLL
0x00007ff95e190000 - 0x00007ff95e486000 	C:\Windows\System32\KERNELBASE.dll
0x00007ff95e4c0000 - 0x00007ff95e5c0000 	C:\Windows\System32\ucrtbase.dll
0x00007ff92f260000 - 0x00007ff92f27b000 	C:\Program Files\Java\jdk-17\bin\VCRUNTIME140.dll
0x00007ff92ec20000 - 0x00007ff92ec39000 	C:\Program Files\Java\jdk-17\bin\jli.dll
0x00007ff95ef40000 - 0x00007ff95efef000 	C:\Windows\System32\ADVAPI32.dll
0x00007ff95f060000 - 0x00007ff95f0fe000 	C:\Windows\System32\msvcrt.dll
0x00007ff95f880000 - 0x00007ff95f91c000 	C:\Windows\System32\sechost.dll
0x00007ff95eac0000 - 0x00007ff95ebe6000 	C:\Windows\System32\RPCRT4.dll
0x00007ff95f100000 - 0x00007ff95f29d000 	C:\Windows\System32\USER32.dll
0x00007ff95e5c0000 - 0x00007ff95e5e2000 	C:\Windows\System32\win32u.dll
0x00007ff95ea90000 - 0x00007ff95eabc000 	C:\Windows\System32\GDI32.dll
0x00007ff95d130000 - 0x00007ff95d3ca000 	C:\Windows\WinSxS\amd64_microsoft.windows.common-controls_6595b64144ccf1df_6.0.19041.1110_none_60b5254171f9507e\COMCTL32.dll
0x00007ff95de50000 - 0x00007ff95df65000 	C:\Windows\System32\gdi32full.dll
0x00007ff95ddb0000 - 0x00007ff95de4d000 	C:\Windows\System32\msvcp_win.dll
0x00007ff956800000 - 0x00007ff95680a000 	C:\Windows\SYSTEM32\VERSION.dll
0x00007ff95f2a0000 - 0x00007ff95f2d0000 	C:\Windows\System32\IMM32.DLL
0x00007ff92ec10000 - 0x00007ff92ec1c000 	C:\Program Files\Java\jdk-17\bin\vcruntime140_1.dll
0x00007ff90d360000 - 0x00007ff90d3ee000 	C:\Program Files\Java\jdk-17\bin\msvcp140.dll
0x00007ff8e7030000 - 0x00007ff8e7c0d000 	C:\Program Files\Java\jdk-17\bin\server\jvm.dll
0x00007ff95f920000 - 0x00007ff95f928000 	C:\Windows\System32\PSAPI.DLL
0x00007ff930e10000 - 0x00007ff930e37000 	C:\Windows\SYSTEM32\WINMM.dll
0x00007ff92c3b0000 - 0x00007ff92c3b9000 	C:\Windows\SYSTEM32\WSOCK32.dll
0x00007ff95eff0000 - 0x00007ff95f05b000 	C:\Windows\System32\WS2_32.dll
0x00007ff95ac70000 - 0x00007ff95ac82000 	C:\Windows\SYSTEM32\kernel.appcore.dll
0x00007ff92ec00000 - 0x00007ff92ec0a000 	C:\Program Files\Java\jdk-17\bin\jimage.dll
0x00007ff95d6c0000 - 0x00007ff95d8a4000 	C:\Windows\SYSTEM32\DBGHELP.DLL
0x00007ff95d4e0000 - 0x00007ff95d514000 	C:\Windows\SYSTEM32\dbgcore.DLL
0x00007ff95e5f0000 - 0x00007ff95e672000 	C:\Windows\System32\bcryptPrimitives.dll
0x00007ff95ba80000 - 0x00007ff95ba8e000 	C:\Program Files\Java\jdk-17\bin\instrument.dll
0x00007ff92c640000 - 0x00007ff92c665000 	C:\Program Files\Java\jdk-17\bin\java.dll
0x00007ff8e9550000 - 0x00007ff8e9627000 	C:\Program Files\Java\jdk-17\bin\jsvml.dll
0x00007ff95f990000 - 0x00007ff9600d4000 	C:\Windows\System32\SHELL32.dll
0x00007ff95ae70000 - 0x00007ff95b604000 	C:\Windows\SYSTEM32\windows.storage.dll
0x00007ff9602d0000 - 0x00007ff960624000 	C:\Windows\System32\combase.dll
0x00007ff95d090000 - 0x00007ff95d0be000 	C:\Windows\SYSTEM32\Wldp.dll
0x00007ff95e730000 - 0x00007ff95e7dd000 	C:\Windows\System32\SHCORE.dll
0x00007ff960630000 - 0x00007ff960685000 	C:\Windows\System32\shlwapi.dll
0x00007ff95dce0000 - 0x00007ff95dd05000 	C:\Windows\SYSTEM32\profapi.dll
0x00007ff90d2b0000 - 0x00007ff90d2c8000 	C:\Program Files\Java\jdk-17\bin\zip.dll
0x00007ff92c3d0000 - 0x00007ff92c3e9000 	C:\Program Files\Java\jdk-17\bin\net.dll
0x00007ff95c6e0000 - 0x00007ff95c7ea000 	C:\Windows\SYSTEM32\WINHTTP.dll
0x00007ff95ce90000 - 0x00007ff95cefa000 	C:\Windows\system32\mswsock.dll
0x00007ff91f6f0000 - 0x00007ff91f706000 	C:\Program Files\Java\jdk-17\bin\nio.dll
0x00007ff95ba60000 - 0x00007ff95ba7a000 	C:\Program Files\JetBrains\IntelliJ IDEA Community Edition 2023.1.3\bin\breakgen64.dll
0x00007ff95da50000 - 0x00007ff95da68000 	C:\Windows\SYSTEM32\CRYPTSP.dll
0x00007ff95c650000 - 0x00007ff95c684000 	C:\Windows\system32\rsaenh.dll
0x00007ff95e490000 - 0x00007ff95e4b7000 	C:\Windows\System32\bcrypt.dll
0x00007ff95dca0000 - 0x00007ff95dcce000 	C:\Windows\SYSTEM32\USERENV.dll
0x00007ff95cfa0000 - 0x00007ff95cfac000 	C:\Windows\SYSTEM32\CRYPTBASE.dll
0x00007ff95cad0000 - 0x00007ff95cb0c000 	C:\Windows\SYSTEM32\IPHLPAPI.DLL
0x00007ff95ea80000 - 0x00007ff95ea88000 	C:\Windows\System32\NSI.dll
0x00007ff956c90000 - 0x00007ff956ca7000 	C:\Windows\SYSTEM32\dhcpcsvc6.DLL
0x00007ff956be0000 - 0x00007ff956bfd000 	C:\Windows\SYSTEM32\dhcpcsvc.DLL
0x00007ff95cb10000 - 0x00007ff95cbda000 	C:\Windows\SYSTEM32\DNSAPI.dll
0x00007ff95ba00000 - 0x00007ff95ba0d000 	C:\Program Files\Java\jdk-17\bin\sunmscapi.dll
0x00007ff95dfc0000 - 0x00007ff95e11e000 	C:\Windows\System32\CRYPT32.dll
0x00007ff95d100000 - 0x00007ff95d128000 	C:\Windows\SYSTEM32\ncrypt.dll
0x00007ff95d0c0000 - 0x00007ff95d0fb000 	C:\Windows\SYSTEM32\NTASN1.dll
0x00007ff95ba20000 - 0x00007ff95ba2a000 	C:\Program Files\Java\jdk-17\bin\management.dll
0x00007ff95ba10000 - 0x00007ff95ba1b000 	C:\Program Files\Java\jdk-17\bin\management_ext.dll
0x00007ff9321e0000 - 0x00007ff9321f0000 	C:\Program Files\Java\jdk-17\bin\verify.dll
0x00007ff913bd0000 - 0x00007ff913bd7000 	C:\Windows\system32\wshunix.dll

dbghelp: loaded successfully - version: 4.0.5 - missing functions: none
symbol engine: initialized successfully - sym options: 0x614 - pdb path: .;C:\Program Files\Java\jdk-17\bin;C:\Windows\SYSTEM32;C:\Windows\WinSxS\amd64_microsoft.windows.common-controls_6595b64144ccf1df_6.0.19041.1110_none_60b5254171f9507e;C:\Program Files\Java\jdk-17\bin\server;C:\Program Files\JetBrains\IntelliJ IDEA Community Edition 2023.1.3\bin

VM Arguments:
jvm_args: -javaagent:C:\Program Files\JetBrains\IntelliJ IDEA Community Edition 2023.1.3\lib\idea_rt.jar=51386:C:\Program Files\JetBrains\IntelliJ IDEA Community Edition 2023.1.3\bin -Dfile.encoding=UTF-8 
java_command: com.block7crudvalidation.block7crudvalidation.Block7CrudValidationApplication
java_class_path (initial): C:\Users\rafael.vera\IdeaProjects\BosonitRVM\block7-crud-validation\target\classes;C:\Users\rafael.vera\.m2\repository\org\springframework\boot\spring-boot-starter-data-jpa\3.1.1\spring-boot-starter-data-jpa-3.1.1.jar;C:\Users\rafael.vera\.m2\repository\org\springframework\boot\spring-boot-starter-aop\3.1.1\spring-boot-starter-aop-3.1.1.jar;C:\Users\rafael.vera\.m2\repository\org\springframework\spring-aop\6.0.10\spring-aop-6.0.10.jar;C:\Users\rafael.vera\.m2\repository\org\aspectj\aspectjweaver\1.9.19\aspectjweaver-1.9.19.jar;C:\Users\rafael.vera\.m2\repository\org\springframework\boot\spring-boot-starter-jdbc\3.1.1\spring-boot-starter-jdbc-3.1.1.jar;C:\Users\rafael.vera\.m2\repository\com\zaxxer\HikariCP\5.0.1\HikariCP-5.0.1.jar;C:\Users\rafael.vera\.m2\repository\org\springframework\spring-jdbc\6.0.10\spring-jdbc-6.0.10.jar;C:\Users\rafael.vera\.m2\repository\org\hibernate\orm\hibernate-core\6.2.5.Final\hibernate-core-6.2.5.Final.jar;C:\Users\rafael.vera\.m2\repository\jakarta\persistence\jakarta.persistence-api\3.1.0\jakarta.persistence-api-3.1.0.jar;C:\Users\rafael.vera\.m2\repository\jakarta\transaction\jakarta.transaction-api\2.0.1\jakarta.transaction-api-2.0.1.jar;C:\Users\rafael.vera\.m2\repository\org\jboss\logging\jboss-logging\3.5.1.Final\jboss-logging-3.5.1.Final.jar;C:\Users\rafael.vera\.m2\repository\org\hibernate\common\hibernate-commons-annotations\6.0.6.Final\hibernate-commons-annotations-6.0.6.Final.jar;C:\Users\rafael.vera\.m2\repository\io\smallrye\jandex\3.0.5\jandex-3.0.5.jar;C:\Users\rafael.vera\.m2\repository\com\fasterxml\classmate\1.5.1\classmate-1.5.1.jar;C:\Users\rafael.vera\.m2\repository\net\bytebuddy\byte-buddy\1.14.5\byte-buddy-1.14.5.jar;C:\Users\rafael.vera\.m2\repository\org\glassfish\jaxb\jaxb-runtime\4.0.3\jaxb-runtime-4.0.3.jar;C:\Users\rafael.vera\.m2\repository\org\glassfish\jaxb\jaxb-core\4.0.3\jaxb-core-4.0.3.jar;C:\Users\rafael.vera\.m2\repository\org\eclipse\angus\angus-activation\2.0.1\angus-
Launcher Type: SUN_STANDARD

[Global flags]
     intx CICompilerCount                          = 4                                         {product} {ergonomic}
     uint ConcGCThreads                            = 2                                         {product} {ergonomic}
     uint G1ConcRefinementThreads                  = 8                                         {product} {ergonomic}
   size_t G1HeapRegionSize                         = 4194304                                   {product} {ergonomic}
    uintx GCDrainStackTargetSize                   = 64                                        {product} {ergonomic}
   size_t InitialHeapSize                          = 335544320                                 {product} {ergonomic}
   size_t MarkStackSize                            = 4194304                                   {product} {ergonomic}
   size_t MaxHeapSize                              = 5314183168                                {product} {ergonomic}
   size_t MaxNewSize                               = 3187671040                                {product} {ergonomic}
   size_t MinHeapDeltaBytes                        = 4194304                                   {product} {ergonomic}
   size_t MinHeapSize                              = 8388608                                   {product} {ergonomic}
    uintx NonNMethodCodeHeapSize                   = 5839372                                {pd product} {ergonomic}
    uintx NonProfiledCodeHeapSize                  = 122909434                              {pd product} {ergonomic}
    uintx ProfiledCodeHeapSize                     = 122909434                              {pd product} {ergonomic}
    uintx ReservedCodeCacheSize                    = 251658240                              {pd product} {ergonomic}
     bool SegmentedCodeCache                       = true                                      {product} {ergonomic}
   size_t SoftMaxHeapSize                          = 5314183168                             {manageable} {ergonomic}
     bool UseCompressedClassPointers               = true                           {product lp64_product} {ergonomic}
     bool UseCompressedOops                        = true                           {product lp64_product} {ergonomic}
     bool UseG1GC                                  = true                                      {product} {ergonomic}
     bool UseLargePagesIndividualAllocation        = false                                  {pd product} {ergonomic}

Logging:
Log output configuration:
 #0: stdout all=warning uptime,level,tags
 #1: stderr all=off uptime,level,tags

Environment Variables:
JAVA_HOME=C:\Program Files\Java\jdk-17
PATH=C:\Program Files\Common Files\Oracle\Java\javapath;C:\Windows\system32;C:\Windows;C:\Windows\System32\Wbem;C:\Windows\System32\WindowsPowerShell\v1.0\;C:\Windows\System32\OpenSSH\;C:\Program Files (x86)\Microsoft SQL Server\160\Tools\Binn\;C:\Program Files\Microsoft SQL Server\160\Tools\Binn\;C:\Program Files\Microsoft SQL Server\Client SDK\ODBC\170\Tools\Binn\;C:\Program Files\Microsoft SQL Server\160\DTS\Binn\;C:\Program Files (x86)\Microsoft SQL Server\160\DTS\Binn\;C:\Program Files\Azure Data Studio\bin;C:\Program Files\Java\jdk-17\bin;C:\Program Files\apache-maven-3.9.3\bin;C:\Program Files\Git\cmd;C:\Users\rafael.vera\AppData\Local\Microsoft\WindowsApps;C:\Program Files\Azure Data Studio\bin;C:\Program Files\Java\jdk-17\bin;C:\Program Files\apache-maven-3.9.3\bin;
USERNAME=rafael.vera
OS=Windows_NT
PROCESSOR_IDENTIFIER=Intel64 Family 6 Model 126 Stepping 5, GenuineIntel



---------------  S Y S T E M  ---------------

OS:
 Windows 10 , 64 bit Build 19041 (10.0.19041.3155)
OS uptime: 0 days 3:00 hours

CPU: total 8 (initial active 8) (4 cores per cpu, 2 threads per core) family 6 model 126 stepping 5 microcode 0xa6, cx8, cmov, fxsr, ht, mmx, 3dnowpref, sse, sse2, sse3, ssse3, sse4.1, sse4.2, popcnt, lzcnt, tsc, tscinvbit, avx, avx2, aes, erms, clmul, bmi1, bmi2, adx, avx512f, avx512dq, avx512cd, avx512bw, avx512vl, sha, fma, vzeroupper, avx512_vpopcntdq, avx512_vpclmulqdq, avx512_vaes, avx512_vnni, clflush, clflushopt, avx512_vbmi2, avx512_vbmi

Memory: 4k page, system-wide physical 20269M (11659M free)
TotalPageFile size 23341M (AvailPageFile size 13589M)
current process WorkingSet (physical memory assigned to process): 241M, peak: 306M
current process commit charge ("private bytes"): 280M, peak: 481M

vm_info: Java HotSpot(TM) 64-Bit Server VM (17.0.7+8-LTS-224) for windows-amd64 JRE (17.0.7+8-LTS-224), built on Feb 28 2023 23:03:02 by "mach5one" with MS VC++ 17.1 (VS2022)

END.
